This file contains any messages produced by compilers while
running configure, to aid debugging if configure makes a mistake.

It was created by configure, which was
generated by GNU Autoconf 2.59.  Invocation command line was

  $ ./configure 

## --------- ##
## Platform. ##
## --------- ##

hostname = nagaozen-linux
uname -m = x86_64
uname -r = 2.6.28-11-generic
uname -s = Linux
uname -v = #42-Ubuntu SMP Fri Apr 17 01:58:03 UTC 2009

/usr/bin/uname -p = unknown
/bin/uname -X     = unknown

/bin/arch              = unknown
/usr/bin/arch -k       = unknown
/usr/convex/getsysinfo = unknown
hostinfo               = unknown
/bin/machine           = unknown
/usr/bin/oslevel       = unknown
/bin/universe          = unknown

PATH: /usr/local/sbin
PATH: /usr/local/bin
PATH: /usr/sbin
PATH: /usr/bin
PATH: /sbin
PATH: /bin
PATH: /usr/X11R6/bin


## ----------- ##
## Core tests. ##
## ----------- ##

configure:1401: checking whether to install link to etags
configure:1408: result: no
configure:1411: checking whether to install readtags object file
configure:1418: result: no
configure:1491: checking for gcc
configure:1507: found /usr/bin/gcc
configure:1517: result: gcc
configure:1761: checking for C compiler version
configure:1764: gcc --version </dev/null >&5
gcc (Ubuntu 4.3.3-5ubuntu4) 4.3.3
Copyright (C) 2008 Free Software Foundation, Inc.
This is free software; see the source for copying conditions.  There is NO
warranty; not even for MERCHANTABILITY or FITNESS FOR A PARTICULAR PURPOSE.

configure:1767: $? = 0
configure:1769: gcc -v </dev/null >&5
Using built-in specs.
Target: x86_64-linux-gnu
Configured with: ../src/configure -v --with-pkgversion='Ubuntu 4.3.3-5ubuntu4' --with-bugurl=file:///usr/share/doc/gcc-4.3/README.Bugs --enable-languages=c,c++,fortran,objc,obj-c++ --prefix=/usr --enable-shared --with-system-zlib --libexecdir=/usr/lib --without-included-gettext --enable-threads=posix --enable-nls --with-gxx-include-dir=/usr/include/c++/4.3 --program-suffix=-4.3 --enable-clocale=gnu --enable-libstdcxx-debug --enable-objc-gc --enable-mpfr --with-tune=generic --enable-checking=release --build=x86_64-linux-gnu --host=x86_64-linux-gnu --target=x86_64-linux-gnu
Thread model: posix
gcc version 4.3.3 (Ubuntu 4.3.3-5ubuntu4) 
configure:1772: $? = 0
configure:1774: gcc -V </dev/null >&5
gcc: '-V' option must have argument
configure:1777: $? = 1
configure:1800: checking for C compiler default output file name
configure:1803: gcc    conftest.c  >&5
configure:1806: $? = 0
configure:1852: result: a.out
configure:1857: checking whether the C compiler works
configure:1863: ./a.out
configure:1866: $? = 0
configure:1883: result: yes
configure:1890: checking whether we are cross compiling
configure:1892: result: no
configure:1895: checking for suffix of executables
configure:1897: gcc -o conftest    conftest.c  >&5
configure:1900: $? = 0
configure:1925: result: 
configure:1931: checking for suffix of object files
configure:1952: gcc -c   conftest.c >&5
configure:1955: $? = 0
configure:1977: result: o
configure:1981: checking whether we are using the GNU C compiler
configure:2005: gcc -c   conftest.c >&5
configure:2011: $? = 0
configure:2015: test -z 
			 || test ! -s conftest.err
configure:2018: $? = 0
configure:2021: test -s conftest.o
configure:2024: $? = 0
configure:2037: result: yes
configure:2043: checking whether gcc accepts -g
configure:2064: gcc -c -g  conftest.c >&5
configure:2070: $? = 0
configure:2074: test -z 
			 || test ! -s conftest.err
configure:2077: $? = 0
configure:2080: test -s conftest.o
configure:2083: $? = 0
configure:2094: result: yes
configure:2111: checking for gcc option to accept ANSI C
configure:2181: gcc  -c -g -O2  conftest.c >&5
configure:2187: $? = 0
configure:2191: test -z 
			 || test ! -s conftest.err
configure:2194: $? = 0
configure:2197: test -s conftest.o
configure:2200: $? = 0
configure:2218: result: none needed
configure:2236: gcc -c -g -O2  conftest.c >&5
conftest.c:2: error: expected '=', ',', ';', 'asm' or '__attribute__' before 'me'
configure:2242: $? = 1
configure: failed program was:
| #ifndef __cplusplus
|   choke me
| #endif
configure:2405: checking whether ln -s works
configure:2409: result: yes
configure:2418: checking for strip
configure:2434: found /usr/bin/strip
configure:2445: result: strip
configure:2455: checking directory to use for temporary files
configure:2473: result: /tmp
configure:2485: checking whether #! works in shell scripts
configure:2502: result: yes
configure:2513: checking for case-insensitive filenames
configure:2524: result: no
configure:2529: checking selected sort method
configure:2535: result: external sort utility
configure:2540: checking for sort
configure:2556: found /usr/bin/sort
configure:2567: result: yes
configure:2575: checking if sort accepts our command line
configure:2583: result: yes
configure:2607: checking how to run the C preprocessor
configure:2642: gcc -E  conftest.c
configure:2648: $? = 0
configure:2680: gcc -E  conftest.c
conftest.c:13:28: error: ac_nonexistent.h: No such file or directory
configure:2686: $? = 1
configure: failed program was:
| /* confdefs.h.  */
| 
| #define PACKAGE_NAME ""
| #define PACKAGE_TARNAME ""
| #define PACKAGE_VERSION ""
| #define PACKAGE_STRING ""
| #define PACKAGE_BUGREPORT ""
| #define DEFAULT_FILE_FORMAT 2
| #define TMPDIR "/tmp"
| #define SYS_INTERPRETER 1
| #define EXTERNAL_SORT 1
| /* end confdefs.h.  */
| #include <ac_nonexistent.h>
configure:2725: result: gcc -E
configure:2749: gcc -E  conftest.c
configure:2755: $? = 0
configure:2787: gcc -E  conftest.c
conftest.c:13:28: error: ac_nonexistent.h: No such file or directory
configure:2793: $? = 1
configure: failed program was:
| /* confdefs.h.  */
| 
| #define PACKAGE_NAME ""
| #define PACKAGE_TARNAME ""
| #define PACKAGE_VERSION ""
| #define PACKAGE_STRING ""
| #define PACKAGE_BUGREPORT ""
| #define DEFAULT_FILE_FORMAT 2
| #define TMPDIR "/tmp"
| #define SYS_INTERPRETER 1
| #define EXTERNAL_SORT 1
| /* end confdefs.h.  */
| #include <ac_nonexistent.h>
configure:2837: checking for egrep
configure:2847: result: grep -E
configure:2852: checking for ANSI C header files
configure:2877: gcc -c -g -O2  conftest.c >&5
configure:2883: $? = 0
configure:2887: test -z 
			 || test ! -s conftest.err
configure:2890: $? = 0
configure:2893: test -s conftest.o
configure:2896: $? = 0
configure:2985: gcc -o conftest -g -O2   conftest.c  >&5
conftest.c: In function 'main':
conftest.c:30: warning: incompatible implicit declaration of built-in function 'exit'
configure:2988: $? = 0
configure:2990: ./conftest
configure:2993: $? = 0
configure:3008: result: yes
configure:3032: checking for sys/types.h
configure:3048: gcc -c -g -O2  conftest.c >&5
configure:3054: $? = 0
configure:3058: test -z 
			 || test ! -s conftest.err
configure:3061: $? = 0
configure:3064: test -s conftest.o
configure:3067: $? = 0
configure:3078: result: yes
configure:3032: checking for sys/stat.h
configure:3048: gcc -c -g -O2  conftest.c >&5
configure:3054: $? = 0
configure:3058: test -z 
			 || test ! -s conftest.err
configure:3061: $? = 0
configure:3064: test -s conftest.o
configure:3067: $? = 0
configure:3078: result: yes
configure:3032: checking for stdlib.h
configure:3048: gcc -c -g -O2  conftest.c >&5
configure:3054: $? = 0
configure:3058: test -z 
			 || test ! -s conftest.err
configure:3061: $? = 0
configure:3064: test -s conftest.o
configure:3067: $? = 0
configure:3078: result: yes
configure:3032: checking for string.h
configure:3048: gcc -c -g -O2  conftest.c >&5
configure:3054: $? = 0
configure:3058: test -z 
			 || test ! -s conftest.err
configure:3061: $? = 0
configure:3064: test -s conftest.o
configure:3067: $? = 0
configure:3078: result: yes
configure:3032: checking for memory.h
configure:3048: gcc -c -g -O2  conftest.c >&5
configure:3054: $? = 0
configure:3058: test -z 
			 || test ! -s conftest.err
configure:3061: $? = 0
configure:3064: test -s conftest.o
configure:3067: $? = 0
configure:3078: result: yes
configure:3032: checking for strings.h
configure:3048: gcc -c -g -O2  conftest.c >&5
configure:3054: $? = 0
configure:3058: test -z 
			 || test ! -s conftest.err
configure:3061: $? = 0
configure:3064: test -s conftest.o
configure:3067: $? = 0
configure:3078: result: yes
configure:3032: checking for inttypes.h
configure:3048: gcc -c -g -O2  conftest.c >&5
configure:3054: $? = 0
configure:3058: test -z 
			 || test ! -s conftest.err
configure:3061: $? = 0
configure:3064: test -s conftest.o
configure:3067: $? = 0
configure:3078: result: yes
configure:3032: checking for stdint.h
configure:3048: gcc -c -g -O2  conftest.c >&5
configure:3054: $? = 0
configure:3058: test -z 
			 || test ! -s conftest.err
configure:3061: $? = 0
configure:3064: test -s conftest.o
configure:3067: $? = 0
configure:3078: result: yes
configure:3032: checking for unistd.h
configure:3048: gcc -c -g -O2  conftest.c >&5
configure:3054: $? = 0
configure:3058: test -z 
			 || test ! -s conftest.err
configure:3061: $? = 0
configure:3064: test -s conftest.o
configure:3067: $? = 0
configure:3078: result: yes
configure:3109: checking dirent.h usability
configure:3121: gcc -c -g -O2  conftest.c >&5
configure:3127: $? = 0
configure:3131: test -z 
			 || test ! -s conftest.err
configure:3134: $? = 0
configure:3137: test -s conftest.o
configure:3140: $? = 0
configure:3150: result: yes
configure:3154: checking dirent.h presence
configure:3164: gcc -E  conftest.c
configure:3170: $? = 0
configure:3190: result: yes
configure:3225: checking for dirent.h
configure:3232: result: yes
configure:3109: checking fcntl.h usability
configure:3121: gcc -c -g -O2  conftest.c >&5
configure:3127: $? = 0
configure:3131: test -z 
			 || test ! -s conftest.err
configure:3134: $? = 0
configure:3137: test -s conftest.o
configure:3140: $? = 0
configure:3150: result: yes
configure:3154: checking fcntl.h presence
configure:3164: gcc -E  conftest.c
configure:3170: $? = 0
configure:3190: result: yes
configure:3225: checking for fcntl.h
configure:3232: result: yes
configure:3109: checking fnmatch.h usability
configure:3121: gcc -c -g -O2  conftest.c >&5
configure:3127: $? = 0
configure:3131: test -z 
			 || test ! -s conftest.err
configure:3134: $? = 0
configure:3137: test -s conftest.o
configure:3140: $? = 0
configure:3150: result: yes
configure:3154: checking fnmatch.h presence
configure:3164: gcc -E  conftest.c
configure:3170: $? = 0
configure:3190: result: yes
configure:3225: checking for fnmatch.h
configure:3232: result: yes
configure:3109: checking stat.h usability
configure:3121: gcc -c -g -O2  conftest.c >&5
conftest.c:60:18: error: stat.h: No such file or directory
configure:3127: $? = 1
configure: failed program was:
| /* confdefs.h.  */
| 
| #define PACKAGE_NAME ""
| #define PACKAGE_TARNAME ""
| #define PACKAGE_VERSION ""
| #define PACKAGE_STRING ""
| #define PACKAGE_BUGREPORT ""
| #define DEFAULT_FILE_FORMAT 2
| #define TMPDIR "/tmp"
| #define SYS_INTERPRETER 1
| #define EXTERNAL_SORT 1
| #define STDC_HEADERS 1
| #define HAVE_SYS_TYPES_H 1
| #define HAVE_SYS_STAT_H 1
| #define HAVE_STDLIB_H 1
| #define HAVE_STRING_H 1
| #define HAVE_MEMORY_H 1
| #define HAVE_STRINGS_H 1
| #define HAVE_INTTYPES_H 1
| #define HAVE_STDINT_H 1
| #define HAVE_UNISTD_H 1
| #define HAVE_DIRENT_H 1
| #define HAVE_FCNTL_H 1
| #define HAVE_FNMATCH_H 1
| /* end confdefs.h.  */
| #include <stdio.h>
| #if HAVE_SYS_TYPES_H
| # include <sys/types.h>
| #endif
| #if HAVE_SYS_STAT_H
| # include <sys/stat.h>
| #endif
| #if STDC_HEADERS
| # include <stdlib.h>
| # include <stddef.h>
| #else
| # if HAVE_STDLIB_H
| #  include <stdlib.h>
| # endif
| #endif
| #if HAVE_STRING_H
| # if !STDC_HEADERS && HAVE_MEMORY_H
| #  include <memory.h>
| # endif
| # include <string.h>
| #endif
| #if HAVE_STRINGS_H
| # include <strings.h>
| #endif
| #if HAVE_INTTYPES_H
| # include <inttypes.h>
| #else
| # if HAVE_STDINT_H
| #  include <stdint.h>
| # endif
| #endif
| #if HAVE_UNISTD_H
| # include <unistd.h>
| #endif
| #include <stat.h>
configure:3150: result: no
configure:3154: checking stat.h presence
configure:3164: gcc -E  conftest.c
conftest.c:26:18: error: stat.h: No such file or directory
configure:3170: $? = 1
configure: failed program was:
| /* confdefs.h.  */
| 
| #define PACKAGE_NAME ""
| #define PACKAGE_TARNAME ""
| #define PACKAGE_VERSION ""
| #define PACKAGE_STRING ""
| #define PACKAGE_BUGREPORT ""
| #define DEFAULT_FILE_FORMAT 2
| #define TMPDIR "/tmp"
| #define SYS_INTERPRETER 1
| #define EXTERNAL_SORT 1
| #define STDC_HEADERS 1
| #define HAVE_SYS_TYPES_H 1
| #define HAVE_SYS_STAT_H 1
| #define HAVE_STDLIB_H 1
| #define HAVE_STRING_H 1
| #define HAVE_MEMORY_H 1
| #define HAVE_STRINGS_H 1
| #define HAVE_INTTYPES_H 1
| #define HAVE_STDINT_H 1
| #define HAVE_UNISTD_H 1
| #define HAVE_DIRENT_H 1
| #define HAVE_FCNTL_H 1
| #define HAVE_FNMATCH_H 1
| /* end confdefs.h.  */
| #include <stat.h>
configure:3190: result: no
configure:3225: checking for stat.h
configure:3232: result: no
configure:3100: checking for stdlib.h
configure:3105: result: yes
configure:3100: checking for string.h
configure:3105: result: yes
configure:3261: checking time.h usability
configure:3273: gcc -c -g -O2  conftest.c >&5
configure:3279: $? = 0
configure:3283: test -z 
			 || test ! -s conftest.err
configure:3286: $? = 0
configure:3289: test -s conftest.o
configure:3292: $? = 0
configure:3302: result: yes
configure:3306: checking time.h presence
configure:3316: gcc -E  conftest.c
configure:3322: $? = 0
configure:3342: result: yes
configure:3377: checking for time.h
configure:3384: result: yes
configure:3261: checking types.h usability
configure:3273: gcc -c -g -O2  conftest.c >&5
conftest.c:63:19: error: types.h: No such file or directory
configure:3279: $? = 1
configure: failed program was:
| /* confdefs.h.  */
| 
| #define PACKAGE_NAME ""
| #define PACKAGE_TARNAME ""
| #define PACKAGE_VERSION ""
| #define PACKAGE_STRING ""
| #define PACKAGE_BUGREPORT ""
| #define DEFAULT_FILE_FORMAT 2
| #define TMPDIR "/tmp"
| #define SYS_INTERPRETER 1
| #define EXTERNAL_SORT 1
| #define STDC_HEADERS 1
| #define HAVE_SYS_TYPES_H 1
| #define HAVE_SYS_STAT_H 1
| #define HAVE_STDLIB_H 1
| #define HAVE_STRING_H 1
| #define HAVE_MEMORY_H 1
| #define HAVE_STRINGS_H 1
| #define HAVE_INTTYPES_H 1
| #define HAVE_STDINT_H 1
| #define HAVE_UNISTD_H 1
| #define HAVE_DIRENT_H 1
| #define HAVE_FCNTL_H 1
| #define HAVE_FNMATCH_H 1
| #define HAVE_STDLIB_H 1
| #define HAVE_STRING_H 1
| #define HAVE_TIME_H 1
| /* end confdefs.h.  */
| #include <stdio.h>
| #if HAVE_SYS_TYPES_H
| # include <sys/types.h>
| #endif
| #if HAVE_SYS_STAT_H
| # include <sys/stat.h>
| #endif
| #if STDC_HEADERS
| # include <stdlib.h>
| # include <stddef.h>
| #else
| # if HAVE_STDLIB_H
| #  include <stdlib.h>
| # endif
| #endif
| #if HAVE_STRING_H
| # if !STDC_HEADERS && HAVE_MEMORY_H
| #  include <memory.h>
| # endif
| # include <string.h>
| #endif
| #if HAVE_STRINGS_H
| # include <strings.h>
| #endif
| #if HAVE_INTTYPES_H
| # include <inttypes.h>
| #else
| # if HAVE_STDINT_H
| #  include <stdint.h>
| # endif
| #endif
| #if HAVE_UNISTD_H
| # include <unistd.h>
| #endif
| #include <types.h>
configure:3302: result: no
configure:3306: checking types.h presence
configure:3316: gcc -E  conftest.c
conftest.c:29:19: error: types.h: No such file or directory
configure:3322: $? = 1
configure: failed program was:
| /* confdefs.h.  */
| 
| #define PACKAGE_NAME ""
| #define PACKAGE_TARNAME ""
| #define PACKAGE_VERSION ""
| #define PACKAGE_STRING ""
| #define PACKAGE_BUGREPORT ""
| #define DEFAULT_FILE_FORMAT 2
| #define TMPDIR "/tmp"
| #define SYS_INTERPRETER 1
| #define EXTERNAL_SORT 1
| #define STDC_HEADERS 1
| #define HAVE_SYS_TYPES_H 1
| #define HAVE_SYS_STAT_H 1
| #define HAVE_STDLIB_H 1
| #define HAVE_STRING_H 1
| #define HAVE_MEMORY_H 1
| #define HAVE_STRINGS_H 1
| #define HAVE_INTTYPES_H 1
| #define HAVE_STDINT_H 1
| #define HAVE_UNISTD_H 1
| #define HAVE_DIRENT_H 1
| #define HAVE_FCNTL_H 1
| #define HAVE_FNMATCH_H 1
| #define HAVE_STDLIB_H 1
| #define HAVE_STRING_H 1
| #define HAVE_TIME_H 1
| /* end confdefs.h.  */
| #include <types.h>
configure:3342: result: no
configure:3377: checking for types.h
configure:3384: result: no
configure:3252: checking for unistd.h
configure:3257: result: yes
configure:3414: checking sys/dir.h usability
configure:3426: gcc -c -g -O2  conftest.c >&5
configure:3432: $? = 0
configure:3436: test -z 
			 || test ! -s conftest.err
configure:3439: $? = 0
configure:3442: test -s conftest.o
configure:3445: $? = 0
configure:3455: result: yes
configure:3459: checking sys/dir.h presence
configure:3469: gcc -E  conftest.c
configure:3475: $? = 0
configure:3495: result: yes
configure:3530: checking for sys/dir.h
configure:3537: result: yes
configure:3405: checking for sys/stat.h
configure:3410: result: yes
configure:3414: checking sys/times.h usability
configure:3426: gcc -c -g -O2  conftest.c >&5
configure:3432: $? = 0
configure:3436: test -z 
			 || test ! -s conftest.err
configure:3439: $? = 0
configure:3442: test -s conftest.o
configure:3445: $? = 0
configure:3455: result: yes
configure:3459: checking sys/times.h presence
configure:3469: gcc -E  conftest.c
configure:3475: $? = 0
configure:3495: result: yes
configure:3530: checking for sys/times.h
configure:3537: result: yes
configure:3405: checking for sys/types.h
configure:3410: result: yes
configure:3554: checking if L_tmpnam is defined in stdio.h
configure:3571: result: yes
configure:3589: checking if INT_MAX is defined in limits.h
configure:3606: result: yes
configure:3658: checking for size_t
configure:3682: gcc -c -g -O2  conftest.c >&5
configure:3688: $? = 0
configure:3692: test -z 
			 || test ! -s conftest.err
configure:3695: $? = 0
configure:3698: test -s conftest.o
configure:3701: $? = 0
configure:3712: result: yes
configure:3724: checking for off_t
configure:3748: gcc -c -g -O2  conftest.c >&5
configure:3754: $? = 0
configure:3758: test -z 
			 || test ! -s conftest.err
configure:3761: $? = 0
configure:3764: test -s conftest.o
configure:3767: $? = 0
configure:3778: result: yes
configure:3791: checking for fpos_t
configure:3804: result: yes
configure:3819: checking for clock_t
configure:3832: result: yes
configure:3849: checking for an ANSI C-conforming const
configure:3916: gcc -c -g -O2  conftest.c >&5
configure:3922: $? = 0
configure:3926: test -z 
			 || test ! -s conftest.err
configure:3929: $? = 0
configure:3932: test -s conftest.o
configure:3935: $? = 0
configure:3946: result: yes
configure:3959: checking if struct stat contains st_ino
configure:3982: gcc -c -g -O2  conftest.c >&5
conftest.c: In function 'main':
conftest.c:42: warning: incompatible implicit declaration of built-in function 'exit'
configure:3988: $? = 0
configure:3992: test -z 
			 || test ! -s conftest.err
configure:3995: $? = 0
configure:3998: test -s conftest.o
configure:4001: $? = 0
configure:4011: result: yes
configure:4026: checking for fnmatch
configure:4083: gcc -o conftest -g -O2   conftest.c  >&5
configure:4089: $? = 0
configure:4093: test -z 
			 || test ! -s conftest.err
configure:4096: $? = 0
configure:4099: test -s conftest
configure:4102: $? = 0
configure:4114: result: yes
configure:4128: checking for strstr
configure:4185: gcc -o conftest -g -O2   conftest.c  >&5
conftest.c:60: warning: conflicting types for built-in function 'strstr'
configure:4191: $? = 0
configure:4195: test -z 
			 || test ! -s conftest.err
configure:4198: $? = 0
configure:4201: test -s conftest
configure:4204: $? = 0
configure:4216: result: yes
configure:4231: checking for strcasecmp
configure:4288: gcc -o conftest -g -O2   conftest.c  >&5
conftest.c:61: warning: conflicting types for built-in function 'strcasecmp'
configure:4294: $? = 0
configure:4298: test -z 
			 || test ! -s conftest.err
configure:4301: $? = 0
configure:4304: test -s conftest
configure:4307: $? = 0
configure:4319: result: yes
configure:4334: checking for strncasecmp
configure:4391: gcc -o conftest -g -O2   conftest.c  >&5
conftest.c:62: warning: conflicting types for built-in function 'strncasecmp'
configure:4397: $? = 0
configure:4401: test -z 
			 || test ! -s conftest.err
configure:4404: $? = 0
configure:4407: test -s conftest
configure:4410: $? = 0
configure:4422: result: yes
configure:4436: checking for fgetpos
configure:4493: gcc -o conftest -g -O2   conftest.c  >&5
configure:4499: $? = 0
configure:4503: test -z 
			 || test ! -s conftest.err
configure:4506: $? = 0
configure:4509: test -s conftest
configure:4512: $? = 0
configure:4524: result: yes
configure:4606: checking for mkstemp
configure:4663: gcc -o conftest -g -O2   conftest.c  >&5
configure:4669: $? = 0
configure:4673: test -z 
			 || test ! -s conftest.err
configure:4676: $? = 0
configure:4679: test -s conftest
configure:4682: $? = 0
configure:4694: result: yes
configure:4923: checking for opendir
configure:4980: gcc -o conftest -g -O2   conftest.c  >&5
configure:4986: $? = 0
configure:4990: test -z 
			 || test ! -s conftest.err
configure:4993: $? = 0
configure:4996: test -s conftest
configure:4999: $? = 0
configure:5011: result: yes
configure:5025: checking for strerror
configure:5082: gcc -o conftest -g -O2   conftest.c  >&5
configure:5088: $? = 0
configure:5092: test -z 
			 || test ! -s conftest.err
configure:5095: $? = 0
configure:5098: test -s conftest
configure:5101: $? = 0
configure:5113: result: yes
configure:5128: checking for clock
configure:5185: gcc -o conftest -g -O2   conftest.c  >&5
configure:5191: $? = 0
configure:5195: test -z 
			 || test ! -s conftest.err
configure:5198: $? = 0
configure:5201: test -s conftest
configure:5204: $? = 0
configure:5216: result: yes
configure:5230: checking for remove
configure:5287: gcc -o conftest -g -O2   conftest.c  >&5
configure:5293: $? = 0
configure:5297: test -z 
			 || test ! -s conftest.err
configure:5300: $? = 0
configure:5303: test -s conftest
configure:5306: $? = 0
configure:5318: result: yes
configure:5368: checking for truncate
configure:5425: gcc -o conftest -g -O2   conftest.c  >&5
configure:5431: $? = 0
configure:5435: test -z 
			 || test ! -s conftest.err
configure:5438: $? = 0
configure:5441: test -s conftest
configure:5444: $? = 0
configure:5456: result: yes
configure:5679: checking for setenv
configure:5736: gcc -o conftest -g -O2   conftest.c  >&5
configure:5742: $? = 0
configure:5746: test -z 
			 || test ! -s conftest.err
configure:5749: $? = 0
configure:5752: test -s conftest
configure:5755: $? = 0
configure:5767: result: yes
configure:5933: checking for regcomp
configure:5990: gcc -o conftest -g -O2   conftest.c  >&5
configure:5996: $? = 0
configure:6000: test -z 
			 || test ! -s conftest.err
configure:6003: $? = 0
configure:6006: test -s conftest
configure:6009: $? = 0
configure:6021: result: yes
configure:6031: checking if regcomp works
configure:6054: gcc -o conftest -g -O2   conftest.c  >&5
conftest.c: In function 'main':
conftest.c:53: warning: incompatible implicit declaration of built-in function 'exit'
configure:6057: $? = 0
configure:6059: ./conftest
configure:6062: $? = 0
configure:6075: result: yes
configure:6087: checking for missing prototypes...
configure:6399: creating ./config.status

## ---------------------- ##
## Running config.status. ##
## ---------------------- ##

This file was extended by config.status, which was
generated by GNU Autoconf 2.59.  Invocation command line was

  CONFIG_FILES    = 
  CONFIG_HEADERS  = 
  CONFIG_LINKS    = 
  CONFIG_COMMANDS = 
  $ ./config.status 

on nagaozen-linux

config.status:645: creating Makefile
config.status:748: creating config.h
config.status:926: config.h is unchanged

## ---------------- ##
## Cache variables. ##
## ---------------- ##

ac_cv_c_compiler_gnu=yes
ac_cv_c_const=yes
ac_cv_env_CC_set=
ac_cv_env_CC_value=
ac_cv_env_CFLAGS_set=
ac_cv_env_CFLAGS_value=
ac_cv_env_CPPFLAGS_set=
ac_cv_env_CPPFLAGS_value=
ac_cv_env_CPP_set=
ac_cv_env_CPP_value=
ac_cv_env_LDFLAGS_set=
ac_cv_env_LDFLAGS_value=
ac_cv_env_build_alias_set=
ac_cv_env_build_alias_value=
ac_cv_env_host_alias_set=
ac_cv_env_host_alias_value=
ac_cv_env_target_alias_set=
ac_cv_env_target_alias_value=
ac_cv_exeext=
ac_cv_func_clock=yes
ac_cv_func_fgetpos=yes
ac_cv_func_fnmatch=yes
ac_cv_func_mkstemp=yes
ac_cv_func_opendir=yes
ac_cv_func_regcomp=yes
ac_cv_func_remove=yes
ac_cv_func_setenv=yes
ac_cv_func_strcasecmp=yes
ac_cv_func_strerror=yes
ac_cv_func_strncasecmp=yes
ac_cv_func_strstr=yes
ac_cv_func_truncate=yes
ac_cv_header_dirent_h=yes
ac_cv_header_fcntl_h=yes
ac_cv_header_fnmatch_h=yes
ac_cv_header_inttypes_h=yes
ac_cv_header_memory_h=yes
ac_cv_header_stat_h=no
ac_cv_header_stdc=yes
ac_cv_header_stdint_h=yes
ac_cv_header_stdlib_h=yes
ac_cv_header_string_h=yes
ac_cv_header_strings_h=yes
ac_cv_header_sys_dir_h=yes
ac_cv_header_sys_stat_h=yes
ac_cv_header_sys_times_h=yes
ac_cv_header_sys_types_h=yes
ac_cv_header_time_h=yes
ac_cv_header_types_h=no
ac_cv_header_unistd_h=yes
ac_cv_objext=o
ac_cv_prog_CPP='gcc -E'
ac_cv_prog_STRIP=strip
ac_cv_prog_ac_ct_CC=gcc
ac_cv_prog_cc_g=yes
ac_cv_prog_cc_stdc=
ac_cv_prog_egrep='grep -E'
ac_cv_prog_sort_found=yes
ac_cv_sys_interpreter=yes
ac_cv_type_off_t=yes
ac_cv_type_size_t=yes

## ----------------- ##
## Output variables. ##
## ----------------- ##

CC='gcc'
CFLAGS='-g -O2'
CPP='gcc -E'
CPPFLAGS=''
DEFS='-DHAVE_CONFIG_H'
ECHO_C=''
ECHO_N='-n'
ECHO_T=''
EGREP='grep -E'
EXEEXT=''
LDFLAGS=''
LIBOBJS=''
LIBS=''
LN_S='ln -s'
LTLIBOBJS=''
OBJEXT='o'
PACKAGE_BUGREPORT=''
PACKAGE_NAME=''
PACKAGE_STRING=''
PACKAGE_TARNAME=''
PACKAGE_VERSION=''
PATH_SEPARATOR=':'
SHELL='/bin/bash'
STRIP='strip'
ac_ct_CC='gcc'
bindir='${exec_prefix}/bin'
build_alias=''
datadir='${prefix}/share'
exec_prefix='${prefix}'
host_alias=''
includedir='${prefix}/include'
infodir='${prefix}/info'
install_targets='install-ctags'
libdir='${exec_prefix}/lib'
libexecdir='${exec_prefix}/libexec'
localstatedir='${prefix}/var'
mandir='${prefix}/man'
oldincludedir='/usr/include'
prefix='/usr/local'
program_transform_name='s,x,x,'
sbindir='${exec_prefix}/sbin'
sharedstatedir='${prefix}/com'
sort_found='yes'
sysconfdir='${prefix}/etc'
target_alias=''

## ----------- ##
## confdefs.h. ##
## ----------- ##

#define DEFAULT_FILE_FORMAT 2
#define EXTERNAL_SORT 1
#define HAVE_CLOCK 1
#define HAVE_DIRENT_H 1
#define HAVE_FCNTL_H 1
#define HAVE_FGETPOS 1
#define HAVE_FNMATCH 1
#define HAVE_FNMATCH_H 1
#define HAVE_INTTYPES_H 1
#define HAVE_MEMORY_H 1
#define HAVE_MKSTEMP 1
#define HAVE_OPENDIR 1
#define HAVE_REGCOMP 1
#define HAVE_REMOVE 1
#define HAVE_SETENV 1
#define HAVE_STAT_ST_INO 1
#define HAVE_STDINT_H 1
#define HAVE_STDLIB_H 1
#define HAVE_STDLIB_H 1
#define HAVE_STRCASECMP 1
#define HAVE_STRERROR 1
#define HAVE_STRINGS_H 1
#define HAVE_STRING_H 1
#define HAVE_STRING_H 1
#define HAVE_STRNCASECMP 1
#define HAVE_STRSTR 1
#define HAVE_SYS_DIR_H 1
#define HAVE_SYS_STAT_H 1
#define HAVE_SYS_STAT_H 1
#define HAVE_SYS_TIMES_H 1
#define HAVE_SYS_TYPES_H 1
#define HAVE_SYS_TYPES_H 1
#define HAVE_TIME_H 1
#define HAVE_TRUNCATE 1
#define HAVE_UNISTD_H 1
#define HAVE_UNISTD_H 1
#define PACKAGE_BUGREPORT ""
#define PACKAGE_NAME ""
#define PACKAGE_STRING ""
#define PACKAGE_TARNAME ""
#define PACKAGE_VERSION ""
#define STDC_HEADERS 1
#define SYS_INTERPRETER 1
#define TMPDIR "/tmp"

configure: exit 0
